This file contains any messages produced by compilers while
running configure, to aid debugging if configure makes a mistake.

It was created by mhdcl configure 0.1b, which was
generated by GNU Autoconf 2.59.  Invocation command line was

  $ ./configure --with-cat=/home/mbaptist/work/codes/devel/cat -with-goops=/home/mbaptist/work/codes/devel/goops --with-lass=/home/mbaptist/work/codes/devel/lass

## --------- ##
## Platform. ##
## --------- ##

hostname = slowhand
uname -m = i686
uname -r = 2.6.16-1.2080_FC5
uname -s = Linux
uname -v = #1 Tue Mar 28 03:38:34 EST 2006

/usr/bin/uname -p = unknown
/bin/uname -X     = unknown

/bin/arch              = i686
/usr/bin/arch -k       = unknown
/usr/convex/getsysinfo = unknown
hostinfo               = unknown
/bin/machine           = unknown
/usr/bin/oslevel       = unknown
/bin/universe          = unknown

PATH: /home/mbaptist/bin
PATH: /home/mbaptist/bin
PATH: /usr/kerberos/bin
PATH: /usr/local/bin
PATH: /usr/bin
PATH: /bin
PATH: /usr/X11R6/bin
PATH: /home/mbaptist/work/codes/devel/cat
PATH: /home/mbaptist/work/codes/devel/goops
PATH: /home/mbaptist/work/codes/devel/lass
PATH: /home/mbaptist/work/codes/devel/godess
PATH: /home/mbaptist/work/codes/devel/mhdc3dl
PATH: /home/mbaptist/work/codes/devel/cat
PATH: /home/mbaptist/work/codes/devel/goops
PATH: /home/mbaptist/work/codes/devel/lass
PATH: /home/mbaptist/work/codes/devel/godess
PATH: /home/mbaptist/work/codes/devel/mhdc3dl


## ----------- ##
## Core tests. ##
## ----------- ##

configure:1323: checking for a BSD-compatible install
configure:1378: result: /usr/bin/install -c
configure:1430: checking for ranlib
configure:1446: found /usr/bin/ranlib
configure:1457: result: ranlib
configure:1523: checking for g++
configure:1539: found /usr/bin/g++
configure:1549: result: g++
configure:1565: checking for C++ compiler version
configure:1568: g++ --version </dev/null >&5
g++ (GCC) 4.1.0 20060304 (Red Hat 4.1.0-3)
Copyright (C) 2006 Free Software Foundation, Inc.
This is free software; see the source for copying conditions.  There is NO
warranty; not even for MERCHANTABILITY or FITNESS FOR A PARTICULAR PURPOSE.

configure:1571: $? = 0
configure:1573: g++ -v </dev/null >&5
Using built-in specs.
Target: i386-redhat-linux
Configured with: ../configure --prefix=/usr --mandir=/usr/share/man --infodir=/usr/share/info --enable-shared --enable-threads=posix --enable-checking=release --with-system-zlib --enable-__cxa_atexit --disable-libunwind-exceptions --enable-libgcj-multifile --enable-languages=c,c++,objc,obj-c++,java,fortran,ada --enable-java-awt=gtk --disable-dssi --with-java-home=/usr/lib/jvm/java-1.4.2-gcj-1.4.2.0/jre --with-cpu=generic --host=i386-redhat-linux
Thread model: posix
gcc version 4.1.0 20060304 (Red Hat 4.1.0-3)
configure:1576: $? = 0
configure:1578: g++ -V </dev/null >&5
g++: '-V' option must have argument
configure:1581: $? = 1
configure:1604: checking for C++ compiler default output file name
configure:1607: g++ -O3 -m32 -msse2 -mfpmath=sse -g   conftest.cc  >&5
configure:1610: $? = 0
configure:1656: result: a.out
configure:1661: checking whether the C++ compiler works
configure:1667: ./a.out
configure:1670: $? = 0
configure:1687: result: yes
configure:1694: checking whether we are cross compiling
configure:1696: result: no
configure:1699: checking for suffix of executables
configure:1701: g++ -o conftest -O3 -m32 -msse2 -mfpmath=sse -g   conftest.cc  >&5
configure:1704: $? = 0
configure:1729: result: 
configure:1735: checking for suffix of object files
configure:1756: g++ -c -O3 -m32 -msse2 -mfpmath=sse -g  conftest.cc >&5
configure:1759: $? = 0
configure:1781: result: o
configure:1785: checking whether we are using the GNU C++ compiler
configure:1809: g++ -c -O3 -m32 -msse2 -mfpmath=sse -g  conftest.cc >&5
configure:1815: $? = 0
configure:1819: test -z 
			 || test ! -s conftest.err
configure:1822: $? = 0
configure:1825: test -s conftest.o
configure:1828: $? = 0
configure:1841: result: yes
configure:1847: checking whether g++ accepts -g
configure:1868: g++ -c -g  conftest.cc >&5
configure:1874: $? = 0
configure:1878: test -z 
			 || test ! -s conftest.err
configure:1881: $? = 0
configure:1884: test -s conftest.o
configure:1887: $? = 0
configure:1898: result: yes
configure:1940: g++ -c -O3 -m32 -msse2 -mfpmath=sse -g  conftest.cc >&5
configure:1946: $? = 0
configure:1950: test -z 
			 || test ! -s conftest.err
configure:1953: $? = 0
configure:1956: test -s conftest.o
configure:1959: $? = 0
configure:1985: g++ -c -O3 -m32 -msse2 -mfpmath=sse -g  conftest.cc >&5
conftest.cc: In function 'int main()':
conftest.cc:13: error: 'exit' was not declared in this scope
configure:1991: $? = 1
configure: failed program was:
| /* confdefs.h.  */
| 
| #define PACKAGE_NAME "mhdcl"
| #define PACKAGE_TARNAME "mhdcl"
| #define PACKAGE_VERSION "0.1b"
| #define PACKAGE_STRING "mhdcl 0.1b"
| #define PACKAGE_BUGREPORT "mbaptist@fc.up.pt"
| /* end confdefs.h.  */
| 
| int
| main ()
| {
| exit (42);
|   ;
|   return 0;
| }
configure:1940: g++ -c -O3 -m32 -msse2 -mfpmath=sse -g  conftest.cc >&5
configure:1946: $? = 0
configure:1950: test -z 
			 || test ! -s conftest.err
configure:1953: $? = 0
configure:1956: test -s conftest.o
configure:1959: $? = 0
configure:1985: g++ -c -O3 -m32 -msse2 -mfpmath=sse -g  conftest.cc >&5
configure:1991: $? = 0
configure:1995: test -z 
			 || test ! -s conftest.err
configure:1998: $? = 0
configure:2001: test -s conftest.o
configure:2004: $? = 0
configure:2073: checking for gcc
configure:2089: found /usr/bin/gcc
configure:2099: result: gcc
configure:2343: checking for C compiler version
configure:2346: gcc --version </dev/null >&5
gcc (GCC) 4.1.0 20060304 (Red Hat 4.1.0-3)
Copyright (C) 2006 Free Software Foundation, Inc.
This is free software; see the source for copying conditions.  There is NO
warranty; not even for MERCHANTABILITY or FITNESS FOR A PARTICULAR PURPOSE.

configure:2349: $? = 0
configure:2351: gcc -v </dev/null >&5
Using built-in specs.
Target: i386-redhat-linux
Configured with: ../configure --prefix=/usr --mandir=/usr/share/man --infodir=/usr/share/info --enable-shared --enable-threads=posix --enable-checking=release --with-system-zlib --enable-__cxa_atexit --disable-libunwind-exceptions --enable-libgcj-multifile --enable-languages=c,c++,objc,obj-c++,java,fortran,ada --enable-java-awt=gtk --disable-dssi --with-java-home=/usr/lib/jvm/java-1.4.2-gcj-1.4.2.0/jre --with-cpu=generic --host=i386-redhat-linux
Thread model: posix
gcc version 4.1.0 20060304 (Red Hat 4.1.0-3)
configure:2354: $? = 0
configure:2356: gcc -V </dev/null >&5
gcc: '-V' option must have argument
configure:2359: $? = 1
configure:2362: checking whether we are using the GNU C compiler
configure:2386: gcc -c -O3 -m32 -g  conftest.c >&5
configure:2392: $? = 0
configure:2396: test -z 
			 || test ! -s conftest.err
configure:2399: $? = 0
configure:2402: test -s conftest.o
configure:2405: $? = 0
configure:2418: result: yes
configure:2424: checking whether gcc accepts -g
configure:2445: gcc -c -g  conftest.c >&5
configure:2451: $? = 0
configure:2455: test -z 
			 || test ! -s conftest.err
configure:2458: $? = 0
configure:2461: test -s conftest.o
configure:2464: $? = 0
configure:2475: result: yes
configure:2492: checking for gcc option to accept ANSI C
configure:2562: gcc  -c -O3 -m32 -g  conftest.c >&5
configure:2568: $? = 0
configure:2572: test -z 
			 || test ! -s conftest.err
configure:2575: $? = 0
configure:2578: test -s conftest.o
configure:2581: $? = 0
configure:2599: result: none needed
configure:2617: gcc -c -O3 -m32 -g  conftest.c >&5
conftest.c:2: error: expected '=', ',', ';', 'asm' or '__attribute__' before 'me'
configure:2623: $? = 1
configure: failed program was:
| #ifndef __cplusplus
|   choke me
| #endif
configure:2761: checking how to run the C preprocessor
configure:2796: gcc -E  conftest.c
configure:2802: $? = 0
configure:2834: gcc -E  conftest.c
conftest.c:12:28: error: ac_nonexistent.h: No such file or directory
configure:2840: $? = 1
configure: failed program was:
| /* confdefs.h.  */
| 
| #define PACKAGE_NAME "mhdcl"
| #define PACKAGE_TARNAME "mhdcl"
| #define PACKAGE_VERSION "0.1b"
| #define PACKAGE_STRING "mhdcl 0.1b"
| #define PACKAGE_BUGREPORT "mbaptist@fc.up.pt"
| #ifdef __cplusplus
| extern "C" void std::exit (int) throw (); using std::exit;
| #endif
| /* end confdefs.h.  */
| #include <ac_nonexistent.h>
configure:2879: result: gcc -E
configure:2903: gcc -E  conftest.c
configure:2909: $? = 0
configure:2941: gcc -E  conftest.c
conftest.c:12:28: error: ac_nonexistent.h: No such file or directory
configure:2947: $? = 1
configure: failed program was:
| /* confdefs.h.  */
| 
| #define PACKAGE_NAME "mhdcl"
| #define PACKAGE_TARNAME "mhdcl"
| #define PACKAGE_VERSION "0.1b"
| #define PACKAGE_STRING "mhdcl 0.1b"
| #define PACKAGE_BUGREPORT "mbaptist@fc.up.pt"
| #ifdef __cplusplus
| extern "C" void std::exit (int) throw (); using std::exit;
| #endif
| /* end confdefs.h.  */
| #include <ac_nonexistent.h>
configure:2994: checking for fftw_destroy_plan in -lfftw3
configure:3024: gcc -o conftest -O3 -m32 -g   conftest.c -lfftw3   >&5
configure:3030: $? = 0
configure:3034: test -z 
			 || test ! -s conftest.err
configure:3037: $? = 0
configure:3040: test -s conftest
configure:3043: $? = 0
configure:3056: result: yes
configure:3138: checking for an ANSI C-conforming const
configure:3205: gcc -c -O3 -m32 -g  conftest.c >&5
configure:3211: $? = 0
configure:3215: test -z 
			 || test ! -s conftest.err
configure:3218: $? = 0
configure:3221: test -s conftest.o
configure:3224: $? = 0
configure:3235: result: yes
configure:3245: checking for inline
configure:3266: gcc -c -O3 -m32 -g  conftest.c >&5
configure:3272: $? = 0
configure:3276: test -z 
			 || test ! -s conftest.err
configure:3279: $? = 0
configure:3282: test -s conftest.o
configure:3285: $? = 0
configure:3297: result: inline
configure:3447: creating ./config.status

## ---------------------- ##
## Running config.status. ##
## ---------------------- ##

This file was extended by mhdcl config.status 0.1b, which was
generated by GNU Autoconf 2.59.  Invocation command line was

  CONFIG_FILES    = 
  CONFIG_HEADERS  = 
  CONFIG_LINKS    = 
  CONFIG_COMMANDS = 
  $ ./config.status 

on slowhand

config.status:654: creating Makefile
config.status:654: creating vzdeigen/Makefile

## ---------------- ##
## Cache variables. ##
## ---------------- ##

ac_cv_c_compiler_gnu=yes
ac_cv_c_const=yes
ac_cv_c_inline=inline
ac_cv_cxx_compiler_gnu=yes
ac_cv_env_CC_set=
ac_cv_env_CC_value=
ac_cv_env_CFLAGS_set=set
ac_cv_env_CFLAGS_value='-O3 -m32 -g'
ac_cv_env_CPPFLAGS_set=
ac_cv_env_CPPFLAGS_value=
ac_cv_env_CPP_set=
ac_cv_env_CPP_value=
ac_cv_env_CXXFLAGS_set=set
ac_cv_env_CXXFLAGS_value='-O3 -m32 -msse2 -mfpmath=sse -g'
ac_cv_env_CXX_set=
ac_cv_env_CXX_value=
ac_cv_env_LDFLAGS_set=
ac_cv_env_LDFLAGS_value=
ac_cv_env_build_alias_set=
ac_cv_env_build_alias_value=
ac_cv_env_host_alias_set=
ac_cv_env_host_alias_value=
ac_cv_env_target_alias_set=
ac_cv_env_target_alias_value=
ac_cv_exeext=
ac_cv_lib_fftw3_fftw_destroy_plan=yes
ac_cv_objext=o
ac_cv_path_install='/usr/bin/install -c'
ac_cv_prog_CPP='gcc -E'
ac_cv_prog_ac_ct_CC=gcc
ac_cv_prog_ac_ct_CXX=g++
ac_cv_prog_ac_ct_RANLIB=ranlib
ac_cv_prog_cc_g=yes
ac_cv_prog_cc_stdc=
ac_cv_prog_cxx_g=yes

## ----------------- ##
## Output variables. ##
## ----------------- ##

CAT_CFLAGS='-I/home/mbaptist/work/codes/devel/cat'
CAT_LIBS='-L/home/mbaptist/work/codes/devel/cat'
CAT_PREFIX='/home/mbaptist/work/codes/devel/cat'
CC='gcc'
CFLAGS='-O3 -m32 -g'
CPP='gcc -E'
CPPFLAGS=''
CXX='g++'
CXXFLAGS='-O3 -m32 -msse2 -mfpmath=sse -g'
DEFS='-DPACKAGE_NAME=\"mhdcl\" -DPACKAGE_TARNAME=\"mhdcl\" -DPACKAGE_VERSION=\"0.1b\" -DPACKAGE_STRING=\"mhdcl\ 0.1b\" -DPACKAGE_BUGREPORT=\"mbaptist@fc.up.pt\" -DHAVE_LIBFFTW3=1 '
ECHO_C=''
ECHO_N='-n'
ECHO_T=''
EXEEXT=''
GOOPS_CFLAGS='-I/home/mbaptist/work/codes/devel/goops'
GOOPS_LIBS='-L/home/mbaptist/work/codes/devel/goops'
GOOPS_PREFIX='/home/mbaptist/work/codes/devel/goops'
INSTALL_DATA='${INSTALL} -m 644'
INSTALL_PROGRAM='${INSTALL}'
INSTALL_SCRIPT='${INSTALL}'
LASS_CFLAGS='-I/home/mbaptist/work/codes/devel/lass'
LASS_PREFIX='/home/mbaptist/work/codes/devel/lass'
LDFLAGS=''
LIBOBJS=''
LIBS='-lfftw3 '
LTLIBOBJS=''
OBJEXT='o'
PACKAGE_BUGREPORT='mbaptist@fc.up.pt'
PACKAGE_NAME='mhdcl'
PACKAGE_STRING='mhdcl 0.1b'
PACKAGE_TARNAME='mhdcl'
PACKAGE_VERSION='0.1b'
PATH_SEPARATOR=':'
RANLIB='ranlib'
SHELL='/bin/sh'
ac_ct_CC='gcc'
ac_ct_CXX='g++'
ac_ct_RANLIB='ranlib'
bindir='${exec_prefix}/bin'
build_alias=''
datadir='${prefix}/share'
exec_prefix='${prefix}'
host_alias=''
includedir='${prefix}/include'
infodir='${prefix}/info'
libdir='${exec_prefix}/lib'
libexecdir='${exec_prefix}/libexec'
localstatedir='${prefix}/var'
mandir='${prefix}/man'
oldincludedir='/usr/include'
prefix='/usr/local'
program_transform_name='s,x,x,'
sbindir='${exec_prefix}/sbin'
sharedstatedir='${prefix}/com'
sysconfdir='${prefix}/etc'
target_alias=''

## ----------- ##
## confdefs.h. ##
## ----------- ##

#define HAVE_LIBFFTW3 1
#define PACKAGE_BUGREPORT "mbaptist@fc.up.pt"
#define PACKAGE_NAME "mhdcl"
#define PACKAGE_STRING "mhdcl 0.1b"
#define PACKAGE_TARNAME "mhdcl"
#define PACKAGE_VERSION "0.1b"
#endif
#ifdef __cplusplus
extern "C" void std::exit (int) throw (); using std::exit;

configure: exit 0
